Determining if the pthread_create exist failed with the following output:
Change Dir: /home/berkay/catkin_ws/build/CMakeFiles/CMakeTmp

Run Build Command:"/usr/bin/make" "cmTC_dd90e/fast"
/usr/bin/make -f CMakeFiles/cmTC_dd90e.dir/build.make CMakeFiles/cmTC_dd90e.dir/build
make[1]: Entering directory '/home/berkay/catkin_ws/build/CMakeFiles/CMakeTmp'
Building C object CMakeFiles/cmTC_dd90e.dir/CheckSymbolExists.c.o
/usr/bin/cc     -o CMakeFiles/cmTC_dd90e.dir/CheckSymbolExists.c.o   -c /home/berkay/catkin_ws/build/CMakeFiles/CMakeTmp/CheckSymbolExists.c
Linking C executable cmTC_dd90e
/usr/bin/cmake -E cmake_link_script CMakeFiles/cmTC_dd90e.dir/link.txt --verbose=1
/usr/bin/cc       CMakeFiles/cmTC_dd90e.dir/CheckSymbolExists.c.o  -o cmTC_dd90e -rdynamic 
CMakeFiles/cmTC_dd90e.dir/CheckSymbolExists.c.o: In function `main':
CheckSymbolExists.c:(.text+0x16): undefined reference to `pthread_create'
collect2: error: ld returned 1 exit status
CMakeFiles/cmTC_dd90e.dir/build.make:97: recipe for target 'cmTC_dd90e' failed
make[1]: *** [cmTC_dd90e] Error 1
make[1]: Leaving directory '/home/berkay/catkin_ws/build/CMakeFiles/CMakeTmp'
Makefile:126: recipe for target 'cmTC_dd90e/fast' failed
make: *** [cmTC_dd90e/fast] Error 2

File /home/berkay/catkin_ws/build/CMakeFiles/CMakeTmp/CheckSymbolExists.c:
/* */
#include <pthread.h>

int main(int argc, char** argv)
{
  (void)argv;
#ifndef pthread_create
  return ((int*)(&pthread_create))[argc];
#else
  (void)argc;
  return 0;
#endif
}

Determining if the function pthread_create exists in the pthreads failed with the following output:
Change Dir: /home/berkay/catkin_ws/build/CMakeFiles/CMakeTmp

Run Build Command:"/usr/bin/make" "cmTC_bf9ac/fast"
/usr/bin/make -f CMakeFiles/cmTC_bf9ac.dir/build.make CMakeFiles/cmTC_bf9ac.dir/build
make[1]: Entering directory '/home/berkay/catkin_ws/build/CMakeFiles/CMakeTmp'
Building C object CMakeFiles/cmTC_bf9ac.dir/CheckFunctionExists.c.o
/usr/bin/cc    -DCHECK_FUNCTION_EXISTS=pthread_create   -o CMakeFiles/cmTC_bf9ac.dir/CheckFunctionExists.c.o   -c /usr/share/cmake-3.5/Modules/CheckFunctionExists.c
Linking C executable cmTC_bf9ac
/usr/bin/cmake -E cmake_link_script CMakeFiles/cmTC_bf9ac.dir/link.txt --verbose=1
/usr/bin/cc   -DCHECK_FUNCTION_EXISTS=pthread_create    CMakeFiles/cmTC_bf9ac.dir/CheckFunctionExists.c.o  -o cmTC_bf9ac -rdynamic -lpthreads 
/usr/bin/ld: cannot find -lpthreads
collect2: error: ld returned 1 exit status
CMakeFiles/cmTC_bf9ac.dir/build.make:97: recipe for target 'cmTC_bf9ac' failed
make[1]: *** [cmTC_bf9ac] Error 1
make[1]: Leaving directory '/home/berkay/catkin_ws/build/CMakeFiles/CMakeTmp'
Makefile:126: recipe for target 'cmTC_bf9ac/fast' failed
make: *** [cmTC_bf9ac/fast] Error 2


Determining if the Q_WS_WIN exist failed with the following output:
Change Dir: /home/berkay/catkin_ws/build/CMakeFiles/CMakeTmp

Run Build Command:"/usr/bin/make" "cmTC_376f6/fast"
/usr/bin/make -f CMakeFiles/cmTC_376f6.dir/build.make CMakeFiles/cmTC_376f6.dir/build
make[1]: Entering directory '/home/berkay/catkin_ws/build/CMakeFiles/CMakeTmp'
Building CXX object CMakeFiles/cmTC_376f6.dir/CheckSymbolExists.cxx.o
/usr/bin/c++    -I/usr/include/qt4   -o CMakeFiles/cmTC_376f6.dir/CheckSymbolExists.cxx.o -c /home/berkay/catkin_ws/build/CMakeFiles/CMakeTmp/CheckSymbolExists.cxx
/home/berkay/catkin_ws/build/CMakeFiles/CMakeTmp/CheckSymbolExists.cxx: In function ‘int main(int, char**)’:
/home/berkay/catkin_ws/build/CMakeFiles/CMakeTmp/CheckSymbolExists.cxx:8:19: error: ‘Q_WS_WIN’ was not declared in this scope
   return ((int*)(&Q_WS_WIN))[argc];
                   ^
CMakeFiles/cmTC_376f6.dir/build.make:65: recipe for target 'CMakeFiles/cmTC_376f6.dir/CheckSymbolExists.cxx.o' failed
make[1]: *** [CMakeFiles/cmTC_376f6.dir/CheckSymbolExists.cxx.o] Error 1
make[1]: Leaving directory '/home/berkay/catkin_ws/build/CMakeFiles/CMakeTmp'
Makefile:126: recipe for target 'cmTC_376f6/fast' failed
make: *** [cmTC_376f6/fast] Error 2

File /home/berkay/catkin_ws/build/CMakeFiles/CMakeTmp/CheckSymbolExists.cxx:
/* */
#include <QtCore/qglobal.h>

int main(int argc, char** argv)
{
  (void)argv;
#ifndef Q_WS_WIN
  return ((int*)(&Q_WS_WIN))[argc];
#else
  (void)argc;
  return 0;
#endif
}

Determining if the Q_WS_QWS exist failed with the following output:
Change Dir: /home/berkay/catkin_ws/build/CMakeFiles/CMakeTmp

Run Build Command:"/usr/bin/make" "cmTC_3b91a/fast"
/usr/bin/make -f CMakeFiles/cmTC_3b91a.dir/build.make CMakeFiles/cmTC_3b91a.dir/build
make[1]: Entering directory '/home/berkay/catkin_ws/build/CMakeFiles/CMakeTmp'
Building CXX object CMakeFiles/cmTC_3b91a.dir/CheckSymbolExists.cxx.o
/usr/bin/c++    -I/usr/include/qt4   -o CMakeFiles/cmTC_3b91a.dir/CheckSymbolExists.cxx.o -c /home/berkay/catkin_ws/build/CMakeFiles/CMakeTmp/CheckSymbolExists.cxx
/home/berkay/catkin_ws/build/CMakeFiles/CMakeTmp/CheckSymbolExists.cxx: In function ‘int main(int, char**)’:
/home/berkay/catkin_ws/build/CMakeFiles/CMakeTmp/CheckSymbolExists.cxx:8:19: error: ‘Q_WS_QWS’ was not declared in this scope
   return ((int*)(&Q_WS_QWS))[argc];
                   ^
CMakeFiles/cmTC_3b91a.dir/build.make:65: recipe for target 'CMakeFiles/cmTC_3b91a.dir/CheckSymbolExists.cxx.o' failed
make[1]: *** [CMakeFiles/cmTC_3b91a.dir/CheckSymbolExists.cxx.o] Error 1
make[1]: Leaving directory '/home/berkay/catkin_ws/build/CMakeFiles/CMakeTmp'
Makefile:126: recipe for target 'cmTC_3b91a/fast' failed
make: *** [cmTC_3b91a/fast] Error 2

File /home/berkay/catkin_ws/build/CMakeFiles/CMakeTmp/CheckSymbolExists.cxx:
/* */
#include <QtCore/qglobal.h>

int main(int argc, char** argv)
{
  (void)argv;
#ifndef Q_WS_QWS
  return ((int*)(&Q_WS_QWS))[argc];
#else
  (void)argc;
  return 0;
#endif
}

Determining if the Q_WS_MAC exist failed with the following output:
Change Dir: /home/berkay/catkin_ws/build/CMakeFiles/CMakeTmp

Run Build Command:"/usr/bin/make" "cmTC_d1360/fast"
/usr/bin/make -f CMakeFiles/cmTC_d1360.dir/build.make CMakeFiles/cmTC_d1360.dir/build
make[1]: Entering directory '/home/berkay/catkin_ws/build/CMakeFiles/CMakeTmp'
Building CXX object CMakeFiles/cmTC_d1360.dir/CheckSymbolExists.cxx.o
/usr/bin/c++    -I/usr/include/qt4   -o CMakeFiles/cmTC_d1360.dir/CheckSymbolExists.cxx.o -c /home/berkay/catkin_ws/build/CMakeFiles/CMakeTmp/CheckSymbolExists.cxx
/home/berkay/catkin_ws/build/CMakeFiles/CMakeTmp/CheckSymbolExists.cxx: In function ‘int main(int, char**)’:
/home/berkay/catkin_ws/build/CMakeFiles/CMakeTmp/CheckSymbolExists.cxx:8:19: error: ‘Q_WS_MAC’ was not declared in this scope
   return ((int*)(&Q_WS_MAC))[argc];
                   ^
CMakeFiles/cmTC_d1360.dir/build.make:65: recipe for target 'CMakeFiles/cmTC_d1360.dir/CheckSymbolExists.cxx.o' failed
make[1]: *** [CMakeFiles/cmTC_d1360.dir/CheckSymbolExists.cxx.o] Error 1
make[1]: Leaving directory '/home/berkay/catkin_ws/build/CMakeFiles/CMakeTmp'
Makefile:126: recipe for target 'cmTC_d1360/fast' failed
make: *** [cmTC_d1360/fast] Error 2

File /home/berkay/catkin_ws/build/CMakeFiles/CMakeTmp/CheckSymbolExists.cxx:
/* */
#include <QtCore/qglobal.h>

int main(int argc, char** argv)
{
  (void)argv;
#ifndef Q_WS_MAC
  return ((int*)(&Q_WS_MAC))[argc];
#else
  (void)argc;
  return 0;
#endif
}

